<?xml version="1.0" encoding="UTF-8" ?>
<testsuite failures="0" time="0.235" errors="0" skipped="0" tests="3" name="com.owaconnector.test.server.TestPasswordService">
  <properties>
    <property name="java.runtime.name" value="Java(TM) SE Runtime Environment"/>
    <property name="sun.boot.library.path" value="C:\Program Files\Java\jdk1.6.0_17\jre\bin"/>
    <property name="java.vm.version" value="14.3-b01"/>
    <property name="java.vm.vendor" value="Sun Microsystems Inc."/>
    <property name="java.vendor.url" value="http://java.sun.com/"/>
    <property name="path.separator" value=";"/>
    <property name="java.vm.name" value="Java HotSpot(TM) Client VM"/>
    <property name="file.encoding.pkg" value="sun.io"/>
    <property name="user.country" value="NL"/>
    <property name="sun.java.launcher" value="SUN_STANDARD"/>
    <property name="sun.os.patch.level" value="Service Pack 3"/>
    <property name="java.vm.specification.name" value="Java Virtual Machine Specification"/>
    <property name="user.dir" value="D:\my\workspace-sts-2.2.1.RELEASE\owaconnector"/>
    <property name="java.runtime.version" value="1.6.0_17-b04"/>
    <property name="java.awt.graphicsenv" value="sun.awt.Win32GraphicsEnvironment"/>
    <property name="basedir" value="D:\my\workspace-sts-2.2.1.RELEASE\owaconnector"/>
    <property name="java.endorsed.dirs" value="C:\Program Files\Java\jdk1.6.0_17\jre\lib\endorsed"/>
    <property name="os.arch" value="x86"/>
    <property name="surefire.real.class.path" value="C:\DOCUME~1\B0545~1.WAL\LOCALS~1\Temp\surefirebooter8085966742435652245.jar"/>
    <property name="java.io.tmpdir" value="C:\DOCUME~1\B0545~1.WAL\LOCALS~1\Temp\"/>
    <property name="line.separator" value="
"/>
    <property name="java.vm.specification.vendor" value="Sun Microsystems Inc."/>
    <property name="user.variant" value=""/>
    <property name="os.name" value="Windows XP"/>
    <property name="sun.jnu.encoding" value="Cp1252"/>
    <property name="java.library.path" value="C:\Program Files\Java\jdk1.6.0_17\jre\bin;.;C:\WINDOWS\Sun\Java\bin;C:\WINDOWS\system32;C:\WINDOWS;C:\Program Files\PC Connectivity Solution\;C:\WINDOWS\system32;C:\WINDOWS;C:\WINDOWS\System32\Wbem;h:\notes6;C:\Program Files\Common Files\Roxio Shared\9.0\DLLShared\;C:\Program Files\QuickTime\QTSystem\;C:\WINDOWS\system32\WindowsPowerShell\v1.0;C:\Program Files\TortoiseSVN\bin;C:\Program Files\Google\google_appengine\;D:\my\ant\apache-ant-1.7.1\bin;D:\my\stax-sdk-0.3.6"/>
    <property name="surefire.test.class.path" value="D:\my\workspace-sts-2.2.1.RELEASE\owaconnector\target\test-classes;D:\my\workspace-sts-2.2.1.RELEASE\owaconnector\target\classes;C:\Documents and Settings\b.walet\.m2\repository\org\springframework\spring-core\3.0.0.RELEASE\spring-core-3.0.0.RELEASE.jar;C:\Documents and Settings\b.walet\.m2\repository\org\springframework\spring-asm\3.0.0.RELEASE\spring-asm-3.0.0.RELEASE.jar;C:\Documents and Settings\b.walet\.m2\repository\commons-logging\commons-logging\1.1.1\commons-logging-1.1.1.jar;C:\Documents and Settings\b.walet\.m2\repository\org\springframework\spring-expression\3.0.0.RELEASE\spring-expression-3.0.0.RELEASE.jar;C:\Documents and Settings\b.walet\.m2\repository\org\springframework\spring-beans\3.0.0.RELEASE\spring-beans-3.0.0.RELEASE.jar;C:\Documents and Settings\b.walet\.m2\repository\org\springframework\spring-aop\3.0.0.RELEASE\spring-aop-3.0.0.RELEASE.jar;C:\Documents and Settings\b.walet\.m2\repository\aopalliance\aopalliance\1.0\aopalliance-1.0.jar;C:\Documents and Settings\b.walet\.m2\repository\org\springframework\spring-context\3.0.0.RELEASE\spring-context-3.0.0.RELEASE.jar;C:\Documents and Settings\b.walet\.m2\repository\org\springframework\spring-context-support\3.0.0.RELEASE\spring-context-support-3.0.0.RELEASE.jar;C:\Documents and Settings\b.walet\.m2\repository\org\springframework\spring-tx\3.0.0.RELEASE\spring-tx-3.0.0.RELEASE.jar;C:\Documents and Settings\b.walet\.m2\repository\org\springframework\spring-jdbc\3.0.0.RELEASE\spring-jdbc-3.0.0.RELEASE.jar;C:\Documents and Settings\b.walet\.m2\repository\org\springframework\spring-orm\3.0.0.RELEASE\spring-orm-3.0.0.RELEASE.jar;C:\Documents and Settings\b.walet\.m2\repository\org\springframework\spring-oxm\3.0.0.RELEASE\spring-oxm-3.0.0.RELEASE.jar;C:\Documents and Settings\b.walet\.m2\repository\org\springframework\spring-web\3.0.0.RELEASE\spring-web-3.0.0.RELEASE.jar;C:\Documents and Settings\b.walet\.m2\repository\org\springframework\spring-webmvc\3.0.0.RELEASE\spring-webmvc-3.0.0.RELEASE.jar;C:\Documents and Settings\b.walet\.m2\repository\org\springframework\spring-webmvc-portlet\3.0.0.RELEASE\spring-webmvc-portlet-3.0.0.RELEASE.jar;C:\Documents and Settings\b.walet\.m2\repository\org\springframework\spring-test\3.0.0.RELEASE\spring-test-3.0.0.RELEASE.jar;C:\Documents and Settings\b.walet\.m2\repository\javax\servlet\jstl\1.2\jstl-1.2.jar;C:\Documents and Settings\b.walet\.m2\repository\org\tuckey\urlrewritefilter\3.1.0\urlrewritefilter-3.1.0.jar;C:\Documents and Settings\b.walet\.m2\repository\javax\servlet\servlet-api\2.4\servlet-api-2.4.jar;C:\Documents and Settings\b.walet\.m2\repository\javax\servlet\jsp\jsp-api\2.1\jsp-api-2.1.jar;C:\Documents and Settings\b.walet\.m2\repository\javax\activation\activation\1.1\activation-1.1.jar;C:\Documents and Settings\b.walet\.m2\repository\stax\stax-api\1.0.1\stax-api-1.0.1.jar;C:\Documents and Settings\b.walet\.m2\repository\org\mortbay\jetty\jetty-util\6.1.19\jetty-util-6.1.19.jar;C:\Documents and Settings\b.walet\.m2\repository\ical4j\ical4j\0.9.20\ical4j-0.9.20.jar;C:\Documents and Settings\b.walet\.m2\repository\commons-codec\commons-codec\1.3\commons-codec-1.3.jar;C:\Documents and Settings\b.walet\.m2\repository\org\apache\httpcomponents\httpclient\4.0\httpclient-4.0.jar;C:\Documents and Settings\b.walet\.m2\repository\org\apache\httpcomponents\httpcore\4.0.1\httpcore-4.0.1.jar;D:\my\lib\htmlcleaner-2.1.jar;C:\Documents and Settings\b.walet\.m2\repository\xerces\xercesImpl\2.9.1\xercesImpl-2.9.1.jar;C:\Documents and Settings\b.walet\.m2\repository\xml-apis\xml-apis\1.3.04\xml-apis-1.3.04.jar;C:\Documents and Settings\b.walet\.m2\repository\com\sun\xml\stream\sjsxp\1.0.1\sjsxp-1.0.1.jar;C:\Documents and Settings\b.walet\.m2\repository\javax\xml\stream\stax-api\1.0\stax-api-1.0.jar;C:\Documents and Settings\b.walet\.m2\repository\javax\mail\mail\1.4.1\mail-1.4.1.jar;C:\Documents and Settings\b.walet\.m2\repository\org\hibernate\hibernate-annotations\3.4.0.GA\hibernate-annotations-3.4.0.GA.jar;C:\Documents and Settings\b.walet\.m2\repository\org\hibernate\ejb3-persistence\1.0.2.GA\ejb3-persistence-1.0.2.GA.jar;C:\Documents and Settings\b.walet\.m2\repository\org\hibernate\hibernate-commons-annotations\3.1.0.GA\hibernate-commons-annotations-3.1.0.GA.jar;C:\Documents and Settings\b.walet\.m2\repository\org\slf4j\slf4j-api\1.5.10\slf4j-api-1.5.10.jar;C:\Documents and Settings\b.walet\.m2\repository\org\hibernate\hibernate-core\3.3.2.GA\hibernate-core-3.3.2.GA.jar;C:\Documents and Settings\b.walet\.m2\repository\antlr\antlr\2.7.6\antlr-2.7.6.jar;C:\Documents and Settings\b.walet\.m2\repository\commons-collections\commons-collections\3.1\commons-collections-3.1.jar;C:\Documents and Settings\b.walet\.m2\repository\dom4j\dom4j\1.6.1\dom4j-1.6.1.jar;C:\Documents and Settings\b.walet\.m2\repository\javax\transaction\jta\1.1\jta-1.1.jar;C:\Documents and Settings\b.walet\.m2\repository\org\hibernate\hibernate-tools\3.2.3.GA\hibernate-tools-3.2.3.GA.jar;C:\Documents and Settings\b.walet\.m2\repository\org\beanshell\bsh\2.0b4\bsh-2.0b4.jar;C:\Documents and Settings\b.walet\.m2\repository\freemarker\freemarker\2.3.8\freemarker-2.3.8.jar;C:\Documents and Settings\b.walet\.m2\repository\org\hibernate\jtidy\r8-20060801\jtidy-r8-20060801.jar;C:\Documents and Settings\b.walet\.m2\repository\junit\junit\4.7\junit-4.7.jar;C:\Documents and Settings\b.walet\.m2\repository\org\bouncycastle\bctsp-jdk15\1.44\bctsp-jdk15-1.44.jar;C:\Documents and Settings\b.walet\.m2\repository\org\bouncycastle\bcprov-jdk15\1.44\bcprov-jdk15-1.44.jar;C:\Documents and Settings\b.walet\.m2\repository\org\bouncycastle\bcmail-jdk15\1.44\bcmail-jdk15-1.44.jar;C:\Documents and Settings\b.walet\.m2\repository\commons-dbcp\commons-dbcp\1.2.2\commons-dbcp-1.2.2.jar;C:\Documents and Settings\b.walet\.m2\repository\commons-pool\commons-pool\1.3\commons-pool-1.3.jar;C:\Documents and Settings\b.walet\.m2\repository\org\apache\geronimo\specs\geronimo-annotation_1.0_spec\1.1.1\geronimo-annotation_1.0_spec-1.1.1.jar;C:\Documents and Settings\b.walet\.m2\repository\log4j\log4j\1.2.14\log4j-1.2.14.jar;C:\Documents and Settings\b.walet\.m2\repository\org\slf4j\slf4j-log4j12\1.5.10\slf4j-log4j12-1.5.10.jar;C:\Documents and Settings\b.walet\.m2\repository\org\hibernate\hibernate-entitymanager\3.4.0.GA\hibernate-entitymanager-3.4.0.GA.jar;C:\Documents and Settings\b.walet\.m2\repository\javassist\javassist\3.4.GA\javassist-3.4.GA.jar;C:\Documents and Settings\b.walet\.m2\repository\hsqldb\hsqldb\1.8.0.10\hsqldb-1.8.0.10.jar;D:\my\lib\davclient-httpclient4-0.5.1.jar;d:\my\lib\jackrabbit-webdav-httpclient4-0.3.jar;"/>
    <property name="java.specification.name" value="Java Platform API Specification"/>
    <property name="java.class.version" value="50.0"/>
    <property name="sun.management.compiler" value="HotSpot Client Compiler"/>
    <property name="os.version" value="5.1"/>
    <property name="user.home" value="C:\Documents and Settings\b.walet"/>
    <property name="user.timezone" value="Europe/Berlin"/>
    <property name="java.awt.printerjob" value="sun.awt.windows.WPrinterJob"/>
    <property name="java.specification.version" value="1.6"/>
    <property name="file.encoding" value="Cp1252"/>
    <property name="user.name" value="b.walet"/>
    <property name="java.class.path" value="D:\my\workspace-sts-2.2.1.RELEASE\owaconnector\target\test-classes;D:\my\workspace-sts-2.2.1.RELEASE\owaconnector\target\classes;C:\Documents and Settings\b.walet\.m2\repository\org\springframework\spring-core\3.0.0.RELEASE\spring-core-3.0.0.RELEASE.jar;C:\Documents and Settings\b.walet\.m2\repository\org\springframework\spring-asm\3.0.0.RELEASE\spring-asm-3.0.0.RELEASE.jar;C:\Documents and Settings\b.walet\.m2\repository\commons-logging\commons-logging\1.1.1\commons-logging-1.1.1.jar;C:\Documents and Settings\b.walet\.m2\repository\org\springframework\spring-expression\3.0.0.RELEASE\spring-expression-3.0.0.RELEASE.jar;C:\Documents and Settings\b.walet\.m2\repository\org\springframework\spring-beans\3.0.0.RELEASE\spring-beans-3.0.0.RELEASE.jar;C:\Documents and Settings\b.walet\.m2\repository\org\springframework\spring-aop\3.0.0.RELEASE\spring-aop-3.0.0.RELEASE.jar;C:\Documents and Settings\b.walet\.m2\repository\aopalliance\aopalliance\1.0\aopalliance-1.0.jar;C:\Documents and Settings\b.walet\.m2\repository\org\springframework\spring-context\3.0.0.RELEASE\spring-context-3.0.0.RELEASE.jar;C:\Documents and Settings\b.walet\.m2\repository\org\springframework\spring-context-support\3.0.0.RELEASE\spring-context-support-3.0.0.RELEASE.jar;C:\Documents and Settings\b.walet\.m2\repository\org\springframework\spring-tx\3.0.0.RELEASE\spring-tx-3.0.0.RELEASE.jar;C:\Documents and Settings\b.walet\.m2\repository\org\springframework\spring-jdbc\3.0.0.RELEASE\spring-jdbc-3.0.0.RELEASE.jar;C:\Documents and Settings\b.walet\.m2\repository\org\springframework\spring-orm\3.0.0.RELEASE\spring-orm-3.0.0.RELEASE.jar;C:\Documents and Settings\b.walet\.m2\repository\org\springframework\spring-oxm\3.0.0.RELEASE\spring-oxm-3.0.0.RELEASE.jar;C:\Documents and Settings\b.walet\.m2\repository\org\springframework\spring-web\3.0.0.RELEASE\spring-web-3.0.0.RELEASE.jar;C:\Documents and Settings\b.walet\.m2\repository\org\springframework\spring-webmvc\3.0.0.RELEASE\spring-webmvc-3.0.0.RELEASE.jar;C:\Documents and Settings\b.walet\.m2\repository\org\springframework\spring-webmvc-portlet\3.0.0.RELEASE\spring-webmvc-portlet-3.0.0.RELEASE.jar;C:\Documents and Settings\b.walet\.m2\repository\org\springframework\spring-test\3.0.0.RELEASE\spring-test-3.0.0.RELEASE.jar;C:\Documents and Settings\b.walet\.m2\repository\javax\servlet\jstl\1.2\jstl-1.2.jar;C:\Documents and Settings\b.walet\.m2\repository\org\tuckey\urlrewritefilter\3.1.0\urlrewritefilter-3.1.0.jar;C:\Documents and Settings\b.walet\.m2\repository\javax\servlet\servlet-api\2.4\servlet-api-2.4.jar;C:\Documents and Settings\b.walet\.m2\repository\javax\servlet\jsp\jsp-api\2.1\jsp-api-2.1.jar;C:\Documents and Settings\b.walet\.m2\repository\javax\activation\activation\1.1\activation-1.1.jar;C:\Documents and Settings\b.walet\.m2\repository\stax\stax-api\1.0.1\stax-api-1.0.1.jar;C:\Documents and Settings\b.walet\.m2\repository\org\mortbay\jetty\jetty-util\6.1.19\jetty-util-6.1.19.jar;C:\Documents and Settings\b.walet\.m2\repository\ical4j\ical4j\0.9.20\ical4j-0.9.20.jar;C:\Documents and Settings\b.walet\.m2\repository\commons-codec\commons-codec\1.3\commons-codec-1.3.jar;C:\Documents and Settings\b.walet\.m2\repository\org\apache\httpcomponents\httpclient\4.0\httpclient-4.0.jar;C:\Documents and Settings\b.walet\.m2\repository\org\apache\httpcomponents\httpcore\4.0.1\httpcore-4.0.1.jar;D:\my\lib\htmlcleaner-2.1.jar;C:\Documents and Settings\b.walet\.m2\repository\xerces\xercesImpl\2.9.1\xercesImpl-2.9.1.jar;C:\Documents and Settings\b.walet\.m2\repository\xml-apis\xml-apis\1.3.04\xml-apis-1.3.04.jar;C:\Documents and Settings\b.walet\.m2\repository\com\sun\xml\stream\sjsxp\1.0.1\sjsxp-1.0.1.jar;C:\Documents and Settings\b.walet\.m2\repository\javax\xml\stream\stax-api\1.0\stax-api-1.0.jar;C:\Documents and Settings\b.walet\.m2\repository\javax\mail\mail\1.4.1\mail-1.4.1.jar;C:\Documents and Settings\b.walet\.m2\repository\org\hibernate\hibernate-annotations\3.4.0.GA\hibernate-annotations-3.4.0.GA.jar;C:\Documents and Settings\b.walet\.m2\repository\org\hibernate\ejb3-persistence\1.0.2.GA\ejb3-persistence-1.0.2.GA.jar;C:\Documents and Settings\b.walet\.m2\repository\org\hibernate\hibernate-commons-annotations\3.1.0.GA\hibernate-commons-annotations-3.1.0.GA.jar;C:\Documents and Settings\b.walet\.m2\repository\org\slf4j\slf4j-api\1.5.10\slf4j-api-1.5.10.jar;C:\Documents and Settings\b.walet\.m2\repository\org\hibernate\hibernate-core\3.3.2.GA\hibernate-core-3.3.2.GA.jar;C:\Documents and Settings\b.walet\.m2\repository\antlr\antlr\2.7.6\antlr-2.7.6.jar;C:\Documents and Settings\b.walet\.m2\repository\commons-collections\commons-collections\3.1\commons-collections-3.1.jar;C:\Documents and Settings\b.walet\.m2\repository\dom4j\dom4j\1.6.1\dom4j-1.6.1.jar;C:\Documents and Settings\b.walet\.m2\repository\javax\transaction\jta\1.1\jta-1.1.jar;C:\Documents and Settings\b.walet\.m2\repository\org\hibernate\hibernate-tools\3.2.3.GA\hibernate-tools-3.2.3.GA.jar;C:\Documents and Settings\b.walet\.m2\repository\org\beanshell\bsh\2.0b4\bsh-2.0b4.jar;C:\Documents and Settings\b.walet\.m2\repository\freemarker\freemarker\2.3.8\freemarker-2.3.8.jar;C:\Documents and Settings\b.walet\.m2\repository\org\hibernate\jtidy\r8-20060801\jtidy-r8-20060801.jar;C:\Documents and Settings\b.walet\.m2\repository\junit\junit\4.7\junit-4.7.jar;C:\Documents and Settings\b.walet\.m2\repository\org\bouncycastle\bctsp-jdk15\1.44\bctsp-jdk15-1.44.jar;C:\Documents and Settings\b.walet\.m2\repository\org\bouncycastle\bcprov-jdk15\1.44\bcprov-jdk15-1.44.jar;C:\Documents and Settings\b.walet\.m2\repository\org\bouncycastle\bcmail-jdk15\1.44\bcmail-jdk15-1.44.jar;C:\Documents and Settings\b.walet\.m2\repository\commons-dbcp\commons-dbcp\1.2.2\commons-dbcp-1.2.2.jar;C:\Documents and Settings\b.walet\.m2\repository\commons-pool\commons-pool\1.3\commons-pool-1.3.jar;C:\Documents and Settings\b.walet\.m2\repository\org\apache\geronimo\specs\geronimo-annotation_1.0_spec\1.1.1\geronimo-annotation_1.0_spec-1.1.1.jar;C:\Documents and Settings\b.walet\.m2\repository\log4j\log4j\1.2.14\log4j-1.2.14.jar;C:\Documents and Settings\b.walet\.m2\repository\org\slf4j\slf4j-log4j12\1.5.10\slf4j-log4j12-1.5.10.jar;C:\Documents and Settings\b.walet\.m2\repository\org\hibernate\hibernate-entitymanager\3.4.0.GA\hibernate-entitymanager-3.4.0.GA.jar;C:\Documents and Settings\b.walet\.m2\repository\javassist\javassist\3.4.GA\javassist-3.4.GA.jar;C:\Documents and Settings\b.walet\.m2\repository\hsqldb\hsqldb\1.8.0.10\hsqldb-1.8.0.10.jar;D:\my\lib\davclient-httpclient4-0.5.1.jar;d:\my\lib\jackrabbit-webdav-httpclient4-0.3.jar;"/>
    <property name="java.vm.specification.version" value="1.0"/>
    <property name="sun.arch.data.model" value="32"/>
    <property name="java.home" value="C:\Program Files\Java\jdk1.6.0_17\jre"/>
    <property name="java.specification.vendor" value="Sun Microsystems Inc."/>
    <property name="user.language" value="nl"/>
    <property name="awt.toolkit" value="sun.awt.windows.WToolkit"/>
    <property name="java.vm.info" value="mixed mode, sharing"/>
    <property name="java.version" value="1.6.0_17"/>
    <property name="java.ext.dirs" value="C:\Program Files\Java\jdk1.6.0_17\jre\lib\ext;C:\WINDOWS\Sun\Java\lib\ext"/>
    <property name="sun.boot.class.path" value="C:\Program Files\Java\jdk1.6.0_17\jre\lib\resources.jar;C:\Program Files\Java\jdk1.6.0_17\jre\lib\rt.jar;C:\Program Files\Java\jdk1.6.0_17\jre\lib\sunrsasign.jar;C:\Program Files\Java\jdk1.6.0_17\jre\lib\jsse.jar;C:\Program Files\Java\jdk1.6.0_17\jre\lib\jce.jar;C:\Program Files\Java\jdk1.6.0_17\jre\lib\charsets.jar;C:\Program Files\Java\jdk1.6.0_17\jre\classes"/>
    <property name="java.vendor" value="Sun Microsystems Inc."/>
    <property name="localRepository" value="C:\Documents and Settings\b.walet\.m2\repository"/>
    <property name="file.separator" value="\"/>
    <property name="java.vendor.url.bug" value="http://java.sun.com/cgi-bin/bugreport.cgi"/>
    <property name="sun.cpu.endian" value="little"/>
    <property name="sun.io.unicode.encoding" value="UnicodeLittle"/>
    <property name="sun.desktop" value="windows"/>
    <property name="sun.cpu.isalist" value="pentium_pro+mmx pentium_pro pentium+mmx pentium i486 i386 i86"/>
  </properties>
  <testcase time="0.109" classname="com.owaconnector.test.server.TestPasswordService" name="TestCryptorSameArray"/>
  <testcase time="0.063" classname="com.owaconnector.test.server.TestPasswordService" name="TestCryptorStringRepresentationOfPrivateKeySimple"/>
  <testcase time="0.047" classname="com.owaconnector.test.server.TestPasswordService" name="TestCryptorStringRepresentationOfPrivateKeyComplex"/>
</testsuite>